<?xml version="1.0" encoding="utf-8"?><testsuites name="pytest tests"><testsuite name="pytest" errors="0" failures="1" skipped="0" tests="42" time="9.275" timestamp="2026-09-17T13:52:10.087126+00:00" hostname="agent-env-2ecfc1b4-0621-4043-b1f0-d61fece48ad4"><testcase classname="tests.backend_test.TestAuth" name="test_admin_login" time="0.492" /><testcase classname="tests.backend_test.TestAuth" name="test_viewer_login" time="0.414" /><testcase classname="tests.backend_test.TestOverview" name="test_overview_basic" time="0.922" /><testcase classname="tests.backend_test.TestAuth" name="test_invalid_login" time="0.084" /><testcase classname="tests.backend_test.TestOverview" name="test_overview_filter_attention" time="0.090" /><testcase classname="tests.backend_test.TestOverview" name="test_overview_filter_role" time="0.272" /><testcase classname="tests.backend_test.TestAuth" name="test_me" time="0.373" /><testcase classname="tests.backend_test.TestOverview" name="test_overview_filter_search" time="0.085" /><testcase classname="tests.backend_test.TestAuth" name="test_unauth_required" time="0.921" /><testcase classname="tests.backend_test.TestUsers" name="test_list_paginated" time="0.095" /><testcase classname="tests.backend_test.TestUsers" name="test_list_filter" time="0.204" /><testcase classname="tests.backend_test.TestUsers" name="test_detail" time="0.624" /><testcase classname="tests.backend_test.TestAuth" name="test_health_live_public" time="0.084" /><testcase classname="tests.backend_test.TestUsers" name="test_detail_404" time="0.342" /><testcase classname="tests.backend_test.TestCompletion" name="test_overview_completion_shape" time="0.303" /><testcase classname="tests.backend_test.TestTpms" name="test_list" time="0.096"><failure message="AssertionError: assert (('pod_count' in {'name': 'Prafful Gupta', 'headcount': 106, 'pod_count': 5, 'project_count': 3, ...} and 'coverage' in {'name': 'Prafful Gupta', 'headcount': 106, 'pod_count': 5, 'project_count': 3, ...}) or 'target_coverage' in {'name': 'Prafful Gupta', 'headcount': 106, 'pod_count': 5, 'project_count': 3, ...})">backend/tests/backend_test.py:149: in test_list
    assert "pod_count" in row and "coverage" in row or "target_coverage" in row
E   AssertionError: assert (('pod_count' in {'name': 'Prafful Gupta', 'headcount': 106, 'pod_count': 5, 'project_count': 3, ...} and 'coverage' in {'name': 'Prafful Gupta', 'headcount': 106, 'pod_count': 5, 'project_count': 3, ...}) or 'target_coverage' in {'name': 'Prafful Gupta', 'headcount': 106, 'pod_count': 5, 'project_count': 3, ...})</failure></testcase><testcase classname="tests.backend_test.TestCompletion" name="test_users_completeness_incomplete" time="0.154" /><testcase classname="tests.backend_test.TestTpms" name="test_detail" time="0.185" /><testcase classname="tests.backend_test.TestCompletion" name="test_users_completeness_absent" time="0.084" /><testcase classname="tests.backend_test.TestCompletion" name="test_users_completeness_complete" time="0.082" /><testcase classname="tests.backend_test.TestTpms" name="test_detail_404" time="0.137" /><testcase classname="tests.backend_test.TestBlockerAnalysis" name="test_analyze_404_for_missing_pod" time="0.084" /><testcase classname="tests.backend_test.TestBlockerAnalysis" name="test_analyze_requires_auth" time="0.093" /><testcase classname="tests.backend_test.TestPods" name="test_list" time="0.089" /><testcase classname="tests.backend_test.TestPods" name="test_detail" time="0.305" /><testcase classname="tests.backend_test.TestBlockerAnalysis" name="test_analyze_vidit_sharma_and_cache" time="5.210" /><testcase classname="tests.backend_test.TestPods" name="test_detail_404" time="0.090" /><testcase classname="tests.backend_test.TestSync" name="test_admin_can_sync" time="0.522" /><testcase classname="tests.backend_test.TestSync" name="test_viewer_forbidden" time="0.372" /><testcase classname="tests.backend_test.TestPodInsights" name="test_pod_detail_insights" time="0.189" /><testcase classname="tests.backend_test.TestPodInsights" name="test_pod_detail_404" time="0.110" /><testcase classname="tests.backend_test.TestFlagsAndAbsent" name="test_leave_person_absent" time="0.094" /><testcase classname="tests.backend_test.TestFlagsAndAbsent" name="test_harness_no_remark_flag" time="0.102" /><testcase classname="tests.backend_test.TestTpmCounts" name="test_tpms_list_has_counts" time="0.093" /><testcase classname="tests.backend_test.TestTpmCounts" name="test_tpm_detail_has_counts" time="0.222" /><testcase classname="tests.backend_test.TestMeta" name="test_meta" time="0.099" /><testcase classname="tests.backend_test.TestDataHealth" name="test_health" time="0.106" /><testcase classname="tests.backend_test.TestTpmInsights" name="test_tpm_detail_insight" time="0.199" /><testcase classname="tests.backend_test.TestPodCounts" name="test_pod_detail_has_counts_and_null_blocker" time="0.304" /><testcase classname="tests.backend_test.TestSummaryRegression" name="test_summary_shape" time="0.119" /><testcase classname="tests.backend_test.TestAudit" name="test_audit" time="0.084" /><testcase classname="tests.backend_test.TestAudit" name="test_audit_filter" time="0.079" /></testsuite></testsuites>