<?xml version="1.0" encoding="utf-8"?><testsuites name="pytest tests"><testsuite name="pytest" errors="0" failures="0" skipped="0" tests="26" time="3.764" timestamp="2026-09-17T12:54:23.667334+00:00" hostname="agent-env-2ecfc1b4-0621-4043-b1f0-d61fece48ad4"><testcase classname="tests.backend_test.TestAuth" name="test_admin_login" time="0.718" /><testcase classname="tests.backend_test.TestOverview" name="test_overview_basic" time="0.723" /><testcase classname="tests.backend_test.TestAuth" name="test_viewer_login" time="0.270" /><testcase classname="tests.backend_test.TestOverview" name="test_overview_filter_attention" time="0.273" /><testcase classname="tests.backend_test.TestAuth" name="test_invalid_login" time="0.077" /><testcase classname="tests.backend_test.TestOverview" name="test_overview_filter_role" time="0.079" /><testcase classname="tests.backend_test.TestOverview" name="test_overview_filter_search" time="0.270" /><testcase classname="tests.backend_test.TestAuth" name="test_me" time="0.348" /><testcase classname="tests.backend_test.TestUsers" name="test_list_paginated" time="0.074" /><testcase classname="tests.backend_test.TestAuth" name="test_unauth_required" time="0.550" /><testcase classname="tests.backend_test.TestUsers" name="test_list_filter" time="0.122" /><testcase classname="tests.backend_test.TestUsers" name="test_detail" time="0.191" /><testcase classname="tests.backend_test.TestUsers" name="test_detail_404" time="0.105" /><testcase classname="tests.backend_test.TestPods" name="test_list" time="0.073" /><testcase classname="tests.backend_test.TestPods" name="test_detail" time="0.156" /><testcase classname="tests.backend_test.TestAuth" name="test_health_live_public" time="0.079" /><testcase classname="tests.backend_test.TestTpms" name="test_list" time="0.082" /><testcase classname="tests.backend_test.TestPods" name="test_detail_404" time="0.143" /><testcase classname="tests.backend_test.TestTpms" name="test_detail" time="0.169" /><testcase classname="tests.backend_test.TestAudit" name="test_audit" time="0.078" /><testcase classname="tests.backend_test.TestAudit" name="test_audit_filter" time="0.077" /><testcase classname="tests.backend_test.TestTpms" name="test_detail_404" time="0.077" /><testcase classname="tests.backend_test.TestMeta" name="test_meta" time="0.074" /><testcase classname="tests.backend_test.TestSync" name="test_admin_can_sync" time="0.381" /><testcase classname="tests.backend_test.TestDataHealth" name="test_health" time="0.073" /><testcase classname="tests.backend_test.TestSync" name="test_viewer_forbidden" time="0.350" /></testsuite></testsuites>